<?xml version="1.0" encoding="UTF-8"?>
<testsuite name="com.sungmin.practice1.springboot.web.IndexControllerTest" tests="1" skipped="0" failures="0" errors="0" timestamp="2021-04-11T02:51:50" hostname="DESKTOP-MNS4VEA" time="0.425">
  <properties/>
  <testcase name="메인페이지_로딩" classname="com.sungmin.practice1.springboot.web.IndexControllerTest" time="0.425"/>
  <system-out><![CDATA[11:51:41.898 [Test worker] DEBUG org.springframework.test.context.junit4.SpringJUnit4ClassRunner - SpringJUnit4ClassRunner constructor called with [class com.sungmin.practice1.springboot.web.IndexControllerTest]
11:51:41.908 [Test worker] DEBUG org.springframework.test.context.BootstrapUtils - Instantiating CacheAwareContextLoaderDelegate from class [org.springframework.test.context.cache.DefaultCacheAwareContextLoaderDelegate]
11:51:41.921 [Test worker] DEBUG org.springframework.test.context.BootstrapUtils - Instantiating BootstrapContext using constructor [public org.springframework.test.context.support.DefaultBootstrapContext(java.lang.Class,org.springframework.test.context.CacheAwareContextLoaderDelegate)]
11:51:41.944 [Test worker] DEBUG org.springframework.test.context.BootstrapUtils - Instantiating TestContextBootstrapper for test class [com.sungmin.practice1.springboot.web.IndexControllerTest] from class [org.springframework.boot.test.context.SpringBootTestContextBootstrapper]
11:51:41.967 [Test worker] INFO org.springframework.boot.test.context.SpringBootTestContextBootstrapper - Neither @ContextConfiguration nor @ContextHierarchy found for test class [com.sungmin.practice1.springboot.web.IndexControllerTest], using SpringBootContextLoader
11:51:41.972 [Test worker] DEBUG org.springframework.test.context.support.AbstractContextLoader - Did not detect default resource location for test class [com.sungmin.practice1.springboot.web.IndexControllerTest]: class path resource [com/sungmin/practice1/springboot/web/IndexControllerTest-context.xml] does not exist
11:51:41.973 [Test worker] DEBUG org.springframework.test.context.support.AbstractContextLoader - Did not detect default resource location for test class [com.sungmin.practice1.springboot.web.IndexControllerTest]: class path resource [com/sungmin/practice1/springboot/web/IndexControllerTestContext.groovy] does not exist
11:51:41.973 [Test worker] INFO org.springframework.test.context.support.AbstractContextLoader - Could not detect default resource locations for test class [com.sungmin.practice1.springboot.web.IndexControllerTest]: no resource found for suffixes {-context.xml, Context.groovy}.
11:51:41.974 [Test worker] INFO org.springframework.test.context.support.AnnotationConfigContextLoaderUtils - Could not detect default configuration classes for test class [com.sungmin.practice1.springboot.web.IndexControllerTest]: IndexControllerTest does not declare any static, non-private, non-final, nested classes annotated with @Configuration.
11:51:42.037 [Test worker] DEBUG org.springframework.test.context.support.ActiveProfilesUtils - Could not find an 'annotation declaring class' for annotation type [org.springframework.test.context.ActiveProfiles] and class [com.sungmin.practice1.springboot.web.IndexControllerTest]
11:51:42.182 [Test worker] DEBUG org.springframework.context.annotation.ClassPathScanningCandidateComponentProvider - Identified candidate component class: file [C:\Users\pege9\IdeaProjects\AWS-springboo2-webservice2\build\classes\java\main\com\sungmin\practice1\springboot\Application.class]
11:51:42.185 [Test worker] INFO org.springframework.boot.test.context.SpringBootTestContextBootstrapper - Found @SpringBootConfiguration com.sungmin.practice1.springboot.Application for test class com.sungmin.practice1.springboot.web.IndexControllerTest
11:51:42.341 [Test worker] DEBUG org.springframework.boot.test.context.SpringBootTestContextBootstrapper - @TestExecutionListeners is not present for class [com.sungmin.practice1.springboot.web.IndexControllerTest]: using defaults.
11:51:42.342 [Test worker] INFO org.springframework.boot.test.context.SpringBootTestContextBootstrapper - Loaded default TestExecutionListener class names from location [META-INF/spring.factories]: [org.springframework.boot.test.autoconfigure.restdocs.RestDocsTestExecutionListener, org.springframework.boot.test.autoconfigure.web.client.MockRestServiceServerResetTestExecutionListener, org.springframework.boot.test.autoconfigure.web.servlet.MockMvcPrintOnlyOnFailureTestExecutionListener, org.springframework.boot.test.autoconfigure.web.servlet.WebDriverTestExecutionListener, org.springframework.boot.test.mock.mockito.MockitoTestExecutionListener, org.springframework.boot.test.mock.mockito.ResetMocksTestExecutionListener, org.springframework.test.context.web.ServletTestExecutionListener, org.springframework.test.context.support.DirtiesContextBeforeModesTestExecutionListener, org.springframework.test.context.support.DependencyInjectionTestExecutionListener, org.springframework.test.context.support.DirtiesContextTestExecutionListener, org.springframework.test.context.transaction.TransactionalTestExecutionListener, org.springframework.test.context.jdbc.SqlScriptsTestExecutionListener]
11:51:42.374 [Test worker] INFO org.springframework.boot.test.context.SpringBootTestContextBootstrapper - Using TestExecutionListeners: [org.springframework.test.context.web.ServletTestExecutionListener@557ab64a, org.springframework.test.context.support.DirtiesContextBeforeModesTestExecutionListener@749e7473, org.springframework.boot.test.mock.mockito.MockitoTestExecutionListener@15cc779f, org.springframework.boot.test.autoconfigure.SpringBootDependencyInjectionTestExecutionListener@144f8c5f, org.springframework.test.context.support.DirtiesContextTestExecutionListener@1487a07a, org.springframework.test.context.transaction.TransactionalTestExecutionListener@13bd7375, org.springframework.test.context.jdbc.SqlScriptsTestExecutionListener@65bb8e12, org.springframework.boot.test.autoconfigure.restdocs.RestDocsTestExecutionListener@dfedb8e, org.springframework.boot.test.autoconfigure.web.client.MockRestServiceServerResetTestExecutionListener@24532e3b, org.springframework.boot.test.autoconfigure.web.servlet.MockMvcPrintOnlyOnFailureTestExecutionListener@5c8dd71f, org.springframework.boot.test.autoconfigure.web.servlet.WebDriverTestExecutionListener@65ff1982, org.springframework.boot.test.mock.mockito.ResetMocksTestExecutionListener@1e269c18]
11:51:42.378 [Test worker] DEBUG org.springframework.test.annotation.ProfileValueUtils - Retrieved @ProfileValueSourceConfiguration [null] for test class [com.sungmin.practice1.springboot.web.IndexControllerTest]
11:51:42.379 [Test worker] DEBUG org.springframework.test.annotation.ProfileValueUtils - Retrieved ProfileValueSource type [class org.springframework.test.annotation.SystemProfileValueSource] for class [com.sungmin.practice1.springboot.web.IndexControllerTest]
11:51:42.383 [Test worker] DEBUG org.springframework.test.annotation.ProfileValueUtils - Retrieved @ProfileValueSourceConfiguration [null] for test class [com.sungmin.practice1.springboot.web.IndexControllerTest]
11:51:42.384 [Test worker] DEBUG org.springframework.test.annotation.ProfileValueUtils - Retrieved ProfileValueSource type [class org.springframework.test.annotation.SystemProfileValueSource] for class [com.sungmin.practice1.springboot.web.IndexControllerTest]
11:51:42.384 [Test worker] DEBUG org.springframework.test.annotation.ProfileValueUtils - Retrieved @ProfileValueSourceConfiguration [null] for test class [com.sungmin.practice1.springboot.web.IndexControllerTest]
11:51:42.384 [Test worker] DEBUG org.springframework.test.annotation.ProfileValueUtils - Retrieved ProfileValueSource type [class org.springframework.test.annotation.SystemProfileValueSource] for class [com.sungmin.practice1.springboot.web.IndexControllerTest]
11:51:42.391 [Test worker] DEBUG org.springframework.test.context.support.AbstractDirtiesContextTestExecutionListener - Before test class: context [DefaultTestContext@2f9ca38d testClass = IndexControllerTest, testInstance = [null], testMethod = [null], testException = [null], mergedContextConfiguration = [WebMergedContextConfiguration@233ce411 testClass = IndexControllerTest, locations = '{}', classes = '{class com.sungmin.practice1.springboot.Application}', contextInitializerClasses = '[]', activeProfiles = '{}', propertySourceLocations = '{}', propertySourceProperties = '{org.springframework.boot.test.context.SpringBootTestContextBootstrapper=true, server.port=0}', contextCustomizers = set[org.springframework.boot.test.autoconfigure.properties.PropertyMappingContextCustomizer@0, org.springframework.boot.test.autoconfigure.web.servlet.WebDriverContextCustomizerFactory$Customizer@296cfef9, org.springframework.boot.test.context.filter.ExcludeFilterContextCustomizer@49f5865e, org.springframework.boot.test.json.DuplicateJsonObjectContextCustomizerFactory$DuplicateJsonObjectContextCustomizer@5a947b2a, org.springframework.boot.test.mock.mockito.MockitoContextCustomizer@0, org.springframework.boot.test.web.client.TestRestTemplateContextCustomizer@743acb0b], resourceBasePath = 'src/main/webapp', contextLoader = 'org.springframework.boot.test.context.SpringBootContextLoader', parent = [null]], attributes = map['org.springframework.test.context.web.ServletTestExecutionListener.activateListener' -> false]], class annotated with @DirtiesContext [false] with mode [null].
11:51:42.392 [Test worker] DEBUG org.springframework.test.annotation.ProfileValueUtils - Retrieved @ProfileValueSourceConfiguration [null] for test class [com.sungmin.practice1.springboot.web.IndexControllerTest]
11:51:42.392 [Test worker] DEBUG org.springframework.test.annotation.ProfileValueUtils - Retrieved ProfileValueSource type [class org.springframework.test.annotation.SystemProfileValueSource] for class [com.sungmin.practice1.springboot.web.IndexControllerTest]
11:51:42.399 [Test worker] DEBUG org.springframework.test.context.support.DependencyInjectionTestExecutionListener - Performing dependency injection for test context [[DefaultTestContext@2f9ca38d testClass = IndexControllerTest, testInstance = com.sungmin.practice1.springboot.web.IndexControllerTest@ae719d3, testMethod = [null], testException = [null], mergedContextConfiguration = [WebMergedContextConfiguration@233ce411 testClass = IndexControllerTest, locations = '{}', classes = '{class com.sungmin.practice1.springboot.Application}', contextInitializerClasses = '[]', activeProfiles = '{}', propertySourceLocations = '{}', propertySourceProperties = '{org.springframework.boot.test.context.SpringBootTestContextBootstrapper=true, server.port=0}', contextCustomizers = set[org.springframework.boot.test.autoconfigure.properties.PropertyMappingContextCustomizer@0, org.springframework.boot.test.autoconfigure.web.servlet.WebDriverContextCustomizerFactory$Customizer@296cfef9, org.springframework.boot.test.context.filter.ExcludeFilterContextCustomizer@49f5865e, org.springframework.boot.test.json.DuplicateJsonObjectContextCustomizerFactory$DuplicateJsonObjectContextCustomizer@5a947b2a, org.springframework.boot.test.mock.mockito.MockitoContextCustomizer@0, org.springframework.boot.test.web.client.TestRestTemplateContextCustomizer@743acb0b], resourceBasePath = 'src/main/webapp', contextLoader = 'org.springframework.boot.test.context.SpringBootContextLoader', parent = [null]], attributes = map['org.springframework.test.context.web.ServletTestExecutionListener.activateListener' -> false]]].
11:51:42.439 [Test worker] DEBUG org.springframework.test.context.support.TestPropertySourceUtils - Adding inlined properties to environment: {spring.jmx.enabled=false, org.springframework.boot.test.context.SpringBootTestContextBootstrapper=true, server.port=0}

  .   ____          _            __ _ _
 /\\ / ___'_ __ _ _(_)_ __  __ _ \ \ \ \
( ( )\___ | '_ | '_| | '_ \/ _` | \ \ \ \
 \\/  ___)| |_)| | | | | || (_| |  ) ) ) )
  '  |____| .__|_| |_|_| |_\__, | / / / /
 =========|_|==============|___/=/_/_/_/
 :: Spring Boot ::        (v2.1.9.RELEASE)

2021-04-11 11:51:42.835  INFO 17396 --- [    Test worker] c.s.p.s.web.IndexControllerTest          : Starting IndexControllerTest on DESKTOP-MNS4VEA with PID 17396 (started by pege9 in C:\Users\pege9\IdeaProjects\AWS-springboo2-webservice2)
2021-04-11 11:51:42.837  INFO 17396 --- [    Test worker] c.s.p.s.web.IndexControllerTest          : No active profile set, falling back to default profiles: default
2021-04-11 11:51:43.778  INFO 17396 --- [    Test worker] .s.d.r.c.RepositoryConfigurationDelegate : Bootstrapping Spring Data repositories in DEFAULT mode.
2021-04-11 11:51:43.899  INFO 17396 --- [    Test worker] .s.d.r.c.RepositoryConfigurationDelegate : Finished Spring Data repository scanning in 110ms. Found 1 repository interfaces.
2021-04-11 11:51:44.448  INFO 17396 --- [    Test worker] trationDelegate$BeanPostProcessorChecker : Bean 'org.springframework.transaction.annotation.ProxyTransactionManagementConfiguration' of type [org.springframework.transaction.annotation.ProxyTransactionManagementConfiguration$$EnhancerBySpringCGLIB$$eb1e309c] is not eligible for getting processed by all BeanPostProcessors (for example: not eligible for auto-proxying)
2021-04-11 11:51:45.064  INFO 17396 --- [    Test worker] o.s.b.w.embedded.tomcat.TomcatWebServer  : Tomcat initialized with port(s): 0 (http)
2021-04-11 11:51:45.103  INFO 17396 --- [    Test worker] o.apache.catalina.core.StandardService   : Starting service [Tomcat]
2021-04-11 11:51:45.103  INFO 17396 --- [    Test worker] org.apache.catalina.core.StandardEngine  : Starting Servlet engine: [Apache Tomcat/9.0.26]
2021-04-11 11:51:45.339  INFO 17396 --- [    Test worker] o.a.c.c.C.[Tomcat].[localhost].[/]       : Initializing Spring embedded WebApplicationContext
2021-04-11 11:51:45.339  INFO 17396 --- [    Test worker] o.s.web.context.ContextLoader            : Root WebApplicationContext: initialization completed in 2472 ms
2021-04-11 11:51:45.738  INFO 17396 --- [    Test worker] com.zaxxer.hikari.HikariDataSource       : HikariPool-1 - Starting...
2021-04-11 11:51:46.031  INFO 17396 --- [    Test worker] com.zaxxer.hikari.HikariDataSource       : HikariPool-1 - Start completed.
2021-04-11 11:51:46.178  INFO 17396 --- [    Test worker] o.hibernate.jpa.internal.util.LogHelper  : HHH000204: Processing PersistenceUnitInfo [
	name: default
	...]
2021-04-11 11:51:46.324  INFO 17396 --- [    Test worker] org.hibernate.Version                    : HHH000412: Hibernate Core {5.3.12.Final}
2021-04-11 11:51:46.328  INFO 17396 --- [    Test worker] org.hibernate.cfg.Environment            : HHH000206: hibernate.properties not found
2021-04-11 11:51:46.646  INFO 17396 --- [    Test worker] o.hibernate.annotations.common.Version   : HCANN000001: Hibernate Commons Annotations {5.0.4.Final}
2021-04-11 11:51:46.967  INFO 17396 --- [    Test worker] org.hibernate.dialect.Dialect            : HHH000400: Using dialect: org.hibernate.dialect.MySQL5InnoDBDialect
Hibernate: drop table if exists posts
Hibernate: create table posts (id bigint not null auto_increment, created_date datetime, modified_date datetime, author varchar(255), content TEXT not null, title varchar(500) not null, primary key (id)) engine=InnoDB
2021-04-11 11:51:48.210  INFO 17396 --- [    Test worker] o.h.t.schema.internal.SchemaCreatorImpl  : HHH000476: Executing import script 'org.hibernate.tool.schema.internal.exec.ScriptSourceInputNonExistentImpl@4c368fb1'
2021-04-11 11:51:48.216  INFO 17396 --- [    Test worker] j.LocalContainerEntityManagerFactoryBean : Initialized JPA EntityManagerFactory for persistence unit 'default'
2021-04-11 11:51:49.482  INFO 17396 --- [    Test worker] o.s.s.concurrent.ThreadPoolTaskExecutor  : Initializing ExecutorService 'applicationTaskExecutor'
2021-04-11 11:51:49.582  WARN 17396 --- [    Test worker] aWebConfiguration$JpaWebMvcConfiguration : spring.jpa.open-in-view is enabled by default. Therefore, database queries may be performed during view rendering. Explicitly configure spring.jpa.open-in-view to disable this warning
2021-04-11 11:51:49.658  INFO 17396 --- [    Test worker] o.s.b.a.w.s.WelcomePageHandlerMapping    : Adding welcome page template: index
2021-04-11 11:51:50.200  INFO 17396 --- [    Test worker] o.s.b.w.embedded.tomcat.TomcatWebServer  : Tomcat started on port(s): 51125 (http) with context path ''
2021-04-11 11:51:50.201  INFO 17396 --- [    Test worker] c.s.p.s.web.IndexControllerTest          : Started IndexControllerTest in 7.76 seconds (JVM running for 9.404)
2021-04-11 11:51:50.428  INFO 17396 --- [o-auto-1-exec-1] o.a.c.c.C.[Tomcat].[localhost].[/]       : Initializing Spring DispatcherServlet 'dispatcherServlet'
2021-04-11 11:51:50.428  INFO 17396 --- [o-auto-1-exec-1] o.s.web.servlet.DispatcherServlet        : Initializing Servlet 'dispatcherServlet'
2021-04-11 11:51:50.467  INFO 17396 --- [o-auto-1-exec-1] o.s.web.servlet.DispatcherServlet        : Completed initialization in 39 ms
]]></system-out>
  <system-err><![CDATA[]]></system-err>
</testsuite>
